<?xml version="1.0" encoding="UTF-8"?>
<!-- Generated by org.testng.reporters.JUnitReportReporter -->
<testsuite skipped="1" hostname="Fatih" name="com.expilicit_wait.ExplicitWaitTest" tests="3" failures="0" timestamp="02 Jul 2018 16:58:46 GMT" time="22.323" errors="0">
  <testcase name="explicitWaitExample" time="11.729" classname="com.expilicit_wait.ExplicitWaitTest"/>
  <testcase name="checkTitle" time="10.594" classname="com.expilicit_wait.ExplicitWaitTest"/>
  <testcase name="searchForCybertek" classname="com.expilicit_wait.ExplicitWaitTest">
    <skipped/>
  </testcase> <!-- searchForCybertek -->
</testsuite> <!-- com.expilicit_wait.ExplicitWaitTest -->
